Started GET "/" for 127.0.0.1 at 2022-01-10 18:26:50 +0530
  [1m[35m (0.9ms)[0m  [1m[34mSELECT sqlite_version(*)[0m
Processing by Rails::WelcomeController#index as HTML
  Rendering /home/rahulkumar/.rbenv/versions/3.0.3/lib/ruby/gems/3.0.0/gems/railties-7.0.1/lib/rails/templates/rails/welcome/index.html.erb
  Rendered /home/rahulkumar/.rbenv/versions/3.0.3/lib/ruby/gems/3.0.0/gems/railties-7.0.1/lib/rails/templates/rails/welcome/index.html.erb (Duration: 1.3ms | Allocations: 818)
Completed 200 OK in 10ms (Views: 4.6ms | ActiveRecord: 0.0ms | Allocations: 7656)


Started GET "/" for ::1 at 2022-01-10 18:32:35 +0530
Processing by HelloController#hello as HTML
  Rendering layout layouts/application.html.erb
  Rendering hello/hello.html.erb within layouts/application
  Rendered hello/hello.html.erb within layouts/application (Duration: 0.3ms | Allocations: 147)
  Rendered layout layouts/application.html.erb (Duration: 140.1ms | Allocations: 93641)
Completed 200 OK in 141ms (Views: 141.0ms | Allocations: 94784)


Started GET "/" for 127.0.0.1 at 2022-01-10 18:52:09 +0530
Processing by HelloController#hello as HTML
  Rendering layout layouts/application.html.erb
  Rendering hello/hello.html.erb within layouts/application
  Rendered hello/hello.html.erb within layouts/application (Duration: 0.0ms | Allocations: 23)
  Rendered layout layouts/application.html.erb (Duration: 8.3ms | Allocations: 13454)
Completed 200 OK in 10ms (Views: 9.3ms | Allocations: 14341)


Started GET "/" for 127.0.0.1 at 2022-01-10 19:18:18 +0530
Processing by HelloController#hello as HTML
  Rendering layout layouts/application.html.erb
  Rendering hello/hello.html.erb within layouts/application
  Rendered hello/hello.html.erb within layouts/application (Duration: 0.1ms | Allocations: 15)
  Rendered layout layouts/application.html.erb (Duration: 23.3ms | Allocations: 2303)
Completed 200 OK in 26ms (Views: 24.1ms | Allocations: 2644)


Started GET "/" for 127.0.0.1 at 2022-01-10 19:18:19 +0530
Processing by HelloController#hello as HTML
  Rendering layout layouts/application.html.erb
  Rendering hello/hello.html.erb within layouts/application
  Rendered hello/hello.html.erb within layouts/application (Duration: 0.1ms | Allocations: 15)
  Rendered layout layouts/application.html.erb (Duration: 9.3ms | Allocations: 2247)
Completed 200 OK in 12ms (Views: 10.7ms | Allocations: 2570)


Started GET "/" for 127.0.0.1 at 2022-01-10 19:18:19 +0530
Processing by HelloController#hello as HTML
  Rendering layout layouts/application.html.erb
  Rendering hello/hello.html.erb within layouts/application
  Rendered hello/hello.html.erb within layouts/application (Duration: 0.2ms | Allocations: 15)
  Rendered layout layouts/application.html.erb (Duration: 8.8ms | Allocations: 2244)
Completed 200 OK in 11ms (Views: 10.3ms | Allocations: 2567)


Started GET "/" for 127.0.0.1 at 2022-01-10 19:18:19 +0530
Processing by HelloController#hello as HTML
  Rendering layout layouts/application.html.erb
  Rendering hello/hello.html.erb within layouts/application
  Rendered hello/hello.html.erb within layouts/application (Duration: 0.1ms | Allocations: 15)
  Rendered layout layouts/application.html.erb (Duration: 11.5ms | Allocations: 2237)
Completed 200 OK in 14ms (Views: 13.0ms | Allocations: 2559)


